2025-05-27 21:43:37 INFO  o.s.b.a.SpringApplicationAdminMXBeanRegistrar$SpringApplicationAdmin:shutdown - Application shutdown requested.
2025-05-27 21:43:37 INFO  o.s.b.w.e.t.GracefulShutdown:shutDownGracefully - Commencing graceful shutdown. Waiting for active requests to complete
2025-05-27 21:43:37 INFO  o.a.c.h.Http11NioProtocol:log - Pausing ProtocolHandler ["http-nio-8080"]
2025-05-27 21:43:37 INFO  o.s.b.w.e.t.GracefulShutdown:doShutdown - Graceful shutdown complete
2025-05-27 21:43:37 INFO  o.a.c.h.Http11NioProtocol:log - Stopping ProtocolHandler ["http-nio-8080"]
2025-05-27 21:43:37 INFO  o.s.o.j.LocalContainerEntityManagerFactoryBean:destroy - Closing JPA EntityManagerFactory for persistence unit 'default'
2025-05-27 21:43:37 INFO  c.z.h.HikariDataSource:close - HikariPool-3 - Shutdown initiated...
2025-05-27 21:43:37 INFO  c.z.h.HikariDataSource:close - HikariPool-3 - Shutdown completed.
2025-05-27 21:43:40 INFO  o.h.v.i.u.Version:<clinit> - HV000001: Hibernate Validator 8.0.2.Final
2025-05-27 21:43:40 INFO  o.s.b.d.e.DevToolsPropertyDefaultsPostProcessor:logTo - Devtools property defaults active! Set 'spring.devtools.add-properties' to 'false' to disable
2025-05-27 21:43:40 INFO  o.s.b.d.e.DevToolsPropertyDefaultsPostProcessor:logTo - For additional web related logging consider setting the 'logging.level.web' property to 'DEBUG'
2025-05-27 21:43:41 INFO  o.s.d.r.c.RepositoryConfigurationDelegate:registerRepositoriesIn - Bootstrapping Spring Data JPA repositories in DEFAULT mode.
2025-05-27 21:43:41 INFO  o.s.d.r.c.RepositoryConfigurationDelegate:registerRepositoriesIn - Finished Spring Data repository scanning in 57 ms. Found 2 JPA repository interfaces.
2025-05-27 21:43:42 INFO  o.s.b.w.e.t.TomcatWebServer:initialize - Tomcat initialized with port 8080 (http)
2025-05-27 21:43:42 INFO  o.a.c.h.Http11NioProtocol:log - Initializing ProtocolHandler ["http-nio-8080"]
2025-05-27 21:43:42 INFO  o.a.c.c.StandardService:log - Starting service [Tomcat]
2025-05-27 21:43:42 INFO  o.a.c.c.StandardEngine:log - Starting Servlet engine: [Apache Tomcat/10.1.40]
2025-05-27 21:43:42 INFO  o.a.c.c.C.[.[.[/]:log - Initializing Spring embedded WebApplicationContext
2025-05-27 21:43:42 INFO  o.s.b.w.s.c.ServletWebServerApplicationContext:prepareWebApplicationContext - Root WebApplicationContext: initialization completed in 1566 ms
2025-05-27 21:43:42 INFO  o.h.j.i.u.LogHelper:logPersistenceUnitInformation - HHH000204: Processing PersistenceUnitInfo [name: default]
2025-05-27 21:43:42 INFO  o.h.Version:logVersion - HHH000412: Hibernate ORM core version 6.6.13.Final
2025-05-27 21:43:42 INFO  o.h.c.i.RegionFactoryInitiator:initiateService - HHH000026: Second-level cache disabled
2025-05-27 21:43:42 INFO  o.s.o.j.p.SpringPersistenceUnitInfo:addTransformer - No LoadTimeWeaver setup: ignoring JPA class transformer
2025-05-27 21:43:42 INFO  c.z.h.HikariDataSource:getConnection - HikariPool-1 - Starting...
2025-05-27 21:43:42 INFO  c.z.h.p.HikariPool:checkFailFast - HikariPool-1 - Added connection conn0: url=jdbc:h2:file:./data/demo user=SA
2025-05-27 21:43:42 INFO  c.z.h.HikariDataSource:getConnection - HikariPool-1 - Start completed.
2025-05-27 21:43:42 INFO  o.h.o.c.pooling:initiateService - HHH10001005: Database info:
	Database JDBC URL [Connecting through datasource 'HikariDataSource (HikariPool-1)']
	Database driver: undefined/unknown
	Database version: 2.3.232
	Autocommit mode: undefined/unknown
	Isolation level: undefined/unknown
	Minimum pool size: undefined/unknown
	Maximum pool size: undefined/unknown
2025-05-27 21:43:43 INFO  o.h.e.t.j.p.i.JtaPlatformInitiator:initiateService - HHH000489: No JTA platform available (set 'hibernate.transaction.jta.platform' to enable JTA platform integration)
2025-05-27 21:43:44 INFO  o.s.o.j.LocalContainerEntityManagerFactoryBean:buildNativeEntityManagerFactory - Initialized JPA EntityManagerFactory for persistence unit 'default'
2025-05-27 21:43:44 WARN  o.s.b.a.o.j.JpaBaseConfiguration$JpaWebConfiguration:openEntityManagerInViewInterceptor - spring.jpa.open-in-view is enabled by default. Therefore, database queries may be performed during view rendering. Explicitly configure spring.jpa.open-in-view to disable this warning
2025-05-27 21:43:44 INFO  o.s.s.c.a.a.c.InitializeUserDetailsBeanManagerConfigurer$InitializeUserDetailsManagerConfigurer:configure - Global AuthenticationManager configured with UserDetailsService bean with name userdataServiceImpl
2025-05-27 21:43:45 INFO  o.s.b.a.h.H2ConsoleAutoConfiguration:log - H2 console available at '/h2-console'. Database available at 'jdbc:h2:file:./data/demo'
2025-05-27 21:43:45 INFO  o.s.b.d.a.OptionalLiveReloadServer:startServer - LiveReload server is running on port 35729
2025-05-27 21:43:45 INFO  o.a.c.h.Http11NioProtocol:log - Starting ProtocolHandler ["http-nio-8080"]
2025-05-27 21:43:45 INFO  o.s.b.w.e.t.TomcatWebServer:start - Tomcat started on port 8080 (http) with context path '/'
2025-05-27 21:43:51 INFO  o.a.c.c.C.[.[.[/]:log - Initializing Spring DispatcherServlet 'dispatcherServlet'
2025-05-27 21:43:51 INFO  o.u.c.AdminController:getAllUsers - get list of users called !
